<?xml version="1.0" encoding="UTF-8"?>
<!-- Generated by org.testng.reporters.JUnitXMLReporter -->
<testsuite ignored="0" hostname="DESKTOP-1TA021U" failures="0" tests="9" name="Surefire test" time="7.565" errors="0" timestamp="2026-03-06T14:38:46 EET">
  <testcase classname="com.qacart.todo.testCases.UserTest" name="shouldBeAbleToRegister" time="5.406"/>
  <testcase classname="com.qacart.todo.testCases.UserTest" name="shouldNotBeAbleToRegisterByTheSameEmail" time="5.937"/>
  <testcase classname="com.qacart.todo.testCases.UserTest" name="userShouldNotBeAbleToLoginWithInvalidCredentials" time="6.13"/>
  <testcase classname="com.qacart.todo.testCases.UserTest" name="userShouldBeAbleToLogin" time="6.19"/>
  <testcase classname="com.qacart.todo.testCases.ToDoTest" name="shouldBeAbleToAddToDo" time="6.805"/>
  <testcase classname="com.qacart.todo.testCases.ToDoTest" name="shouldNotBeAbleToAddToDo" time="6.882"/>
  <testcase classname="com.qacart.todo.testCases.ToDoTest" name="shouldBeAbleToDeleteToDo" time="7.412"/>
  <testcase classname="com.qacart.todo.testCases.ToDoTest" name="shouldBeAbleToGetToDo" time="7.441"/>
  <testcase classname="com.qacart.todo.testCases.ToDoTest" name="shouldBeAbleToUpdateToDo" time="7.45"/>
</testsuite> <!-- Surefire test -->
