<?xml version="1.0" encoding="UTF-8"?>
<testsuite xmlns:xsi="http://www.w3.org/2001/XMLSchema-instance" xsi:noNamespaceSchemaLocation="https://maven.apache.org/surefire/maven-surefire-plugin/xsd/surefire-test-report.xsd" version="3.0.2" name="TestSuite" time="8.846" tests="9" errors="0" skipped="0" failures="0" flakes="0">
  <properties>
[...]
</properties>
  <testcase name="shouldBeAbleToRegister" classname="com.qacart.todo.testCases.UserTest" time="5.574">
    <system-out><![CDATA[Request method:	POST
Request URI:	https://qacart-todo.herokuapp.com/api/v1/users/register
Proxy:			<none>
Request params:	<none>
Query params:	<none>
Form params:	<none>
Path params:	<none>
Headers:		Accept=*/*
				Content-Type=application/json
Cookies:		<none>
Multiparts:		<none>
Body:
{
    "firstName": "Adolfo",
    "lastName": "Barton",
    "email": "meta.champlin@hotmail.com",
    "password": "12341234"
}
Request method:	POST
Request URI:	https://qacart-todo.herokuapp.com/api/v1/users/register
Proxy:			<none>
Request params:	<none>
Query params:	<none>
Form params:	<none>
Path params:	<none>
Headers:		Accept=*/*
				Content-Type=application/json
Cookies:		<none>
Multiparts:		<none>
Body:
{
    "firstName": "Antone",
    "lastName": "Dach",
    "email": "harris.wunsch@hotmail.com",
    "password": "12341234"
}
Request method:	POST
Request URI:	https://qacart-todo.herokuapp.com/api/v1/users/register
Proxy:			<none>
Request params:	<none>
Query params:	<none>
Form params:	<none>
Path params:	<none>
Headers:		Accept=*/*
				Content-Type=application/json
Cookies:		<none>
Multiparts:		<none>
Body:
{
    "firstName": "Nick",
    "lastName": "Jones",
    "email": "teena.graham@hotmail.com",
    "password": "12341234"
}
Request method:	POST
Request URI:	https://qacart-todo.herokuapp.com/api/v1/users/register
Proxy:			<none>
Request params:	<none>
Query params:	<none>
Form params:	<none>
Path params:	<none>
Headers:		Accept=*/*
				Content-Type=application/json
Cookies:		<none>
Multiparts:		<none>
Body:
{
    "firstName": "Nguyet",
    "lastName": "Dare",
    "email": "stefan.huels@hotmail.com",
    "password": "12341234"
}
Request method:	POST
Request URI:	https://qacart-todo.herokuapp.com/api/v1/users/register
Proxy:			<none>
Request params:	<none>
Query params:	<none>
Form params:	<none>
Path params:	<none>
Headers:		Accept=*/*
				Content-Type=application/json
Cookies:		<none>
Multiparts:		<none>
Body:
{
    "firstName": "Carol",
    "lastName": "Muller",
    "email": "reed.lindgren@yahoo.com",
    "password": "12341234"
}
Request method:	POST
Request URI:	https://qacart-todo.herokuapp.com/api/v1/users/register
Proxy:			<none>
Request params:	<none>
Query params:	<none>
Form params:	<none>
Path params:	<none>
Headers:		Accept=*/*
				Content-Type=application/json
Cookies:		<none>
Multiparts:		<none>
Body:
{
    "firstName": "Melania",
    "lastName": "Walsh",
    "email": "rivka.macejkovic@hotmail.com",
    "password": "12341234"
}
Request method:	POST
Request URI:	https://qacart-todo.herokuapp.com/api/v1/users/register
Proxy:			<none>
Request params:	<none>
Query params:	<none>
Form params:	<none>
Path params:	<none>
Headers:		Accept=*/*
				Content-Type=application/json
Cookies:		<none>
Multiparts:		<none>
Body:
{
    "firstName": "Katherine",
    "lastName": "Halvorson",
    "email": "adriane.reinger@yahoo.com",
    "password": "12341234"
}
Request method:	POST
Request URI:	https://qacart-todo.herokuapp.com/api/v1/users/register
Proxy:			<none>
Request params:	<none>
Query params:	<none>
Form params:	<none>
Path params:	<none>
Headers:		Accept=*/*
				Content-Type=application/json
Cookies:		<none>
Multiparts:		<none>
Body:
{
    "firstName": "Keesha",
    "lastName": "Wilkinson",
    "email": "darren.goldner@gmail.com",
    "password": "12341234"
}
Request method:	POST
Request URI:	https://qacart-todo.herokuapp.com/api/v1/users/register
Proxy:			<none>
Request params:	<none>
Query params:	<none>
Form params:	<none>
Path params:	<none>
Headers:		Accept=*/*
				Content-Type=application/json
Cookies:		<none>
Multiparts:		<none>
Body:
{
    "firstName": "Angelyn",
    "lastName": "Koelpin",
    "email": "roseline.bins@yahoo.com",
    "password": "12341234"
}
HTTP/1.1 201 Created
Access-Control-Allow-Origin: *
Content-Length: 276
Content-Type: application/json; charset=utf-8
Date: Fri, 06 Mar 2026 12:38:46 GMT
Etag: W/"114-HkTE6lXORPRwU7f83d7lVy80+L0"
Nel: {"report_to":"heroku-nel","response_headers":["Via"],"max_age":3600,"success_fraction":0.01,"failure_fraction":0.1}
Report-To: {"group":"heroku-nel","endpoints":[{"url":"https://nel.heroku.com/reports?s=k%2B%2FGkPfoGk7XD7pKdAcCjlSEvJomEVwFESXyf042fJs%3D\u0026sid=812dcc77-0bd0-43b1-a5f1-b25750382959\u0026ts=1772800725"}],"max_age":3600}
Reporting-Endpoints: heroku-nel="https://nel.heroku.com/reports?s=k%2B%2FGkPfoGk7XD7pKdAcCjlSEvJomEVwFESXyf042fJs%3D&sid=812dcc77-0bd0-43b1-a5f1-b25750382959&ts=1772800725"
Server: Heroku
Set-Cookie: access_token=eyJhbGciOiJIUzI1NiIsInR5cCI6IkpXVCJ9.eyJpZCI6IjY5YWFjYWQ2YjhlYzZkMDAxNTE1OTZjMSIsImZpcnN0TmFtZSI6Ik5ndXlldCIsImxhc3ROYW1lIjoiRGFyZSIsImlhdCI6MTc3MjgwMDcyNn0.NOf8hwY0yztNOFFx6XM4sgqJKwq16okK01bRsM7wLAc; Path=/
Set-Cookie: userID=j%3A%2269aacad6b8ec6d00151596c1%22; Path=/
Set-Cookie: firstName=Nguyet; Path=/
Via: 1.1 heroku-router
X-Powered-By: Express

{
    "access_token": "eyJhbGciOiJIUzI1NiIsInR5cCI6IkpXVCJ9.eyJpZCI6IjY5YWFjYWQ2YjhlYzZkMDAxNTE1OTZjMSIsImZpcnN0TmFtZSI6Ik5ndXlldCIsImxhc3ROYW1lIjoiRGFyZSIsImlhdCI6MTc3MjgwMDcyNn0.NOf8hwY0yztNOFFx6XM4sgqJKwq16okK01bRsM7wLAc",
    "userID": "69aacad6b8ec6d00151596c1",
    "firstName": "Nguyet"
}
HTTP/1.1 201 Created
Access-Control-Allow-Origin: *
Content-Length: 283
Content-Type: application/json; charset=utf-8
Date: Fri, 06 Mar 2026 12:38:46 GMT
Etag: W/"11b-jZhAjJNT58h5PGTJzlbY8BMLR24"
Nel: {"report_to":"heroku-nel","response_headers":["Via"],"max_age":3600,"success_fraction":0.01,"failure_fraction":0.1}
Report-To: {"group":"heroku-nel","endpoints":[{"url":"https://nel.heroku.com/reports?s=k%2B%2FGkPfoGk7XD7pKdAcCjlSEvJomEVwFESXyf042fJs%3D\u0026sid=812dcc77-0bd0-43b1-a5f1-b25750382959\u0026ts=1772800725"}],"max_age":3600}
Reporting-Endpoints: heroku-nel="https://nel.heroku.com/reports?s=k%2B%2FGkPfoGk7XD7pKdAcCjlSEvJomEVwFESXyf042fJs%3D&sid=812dcc77-0bd0-43b1-a5f1-b25750382959&ts=1772800725"
Server: Heroku
Set-Cookie: access_token=eyJhbGciOiJIUzI1NiIsInR5cCI6IkpXVCJ9.eyJpZCI6IjY5YWFjYWQ2YjhlYzZkMDAxNTE1OTZjNCIsImZpcnN0TmFtZSI6IktlZXNoYSIsImxhc3ROYW1lIjoiV2lsa2luc29uIiwiaWF0IjoxNzcyODAwNzI2fQ.hv8oOHzy3C5q-CvPhSJuKz_B4KTtEraiVD1W_J7m2AE; Path=/
Set-Cookie: userID=j%3A%2269aacad6b8ec6d00151596c4%22; Path=/
Set-Cookie: firstName=Keesha; Path=/
Via: 1.1 heroku-router
X-Powered-By: Express

{
    "access_token": "eyJhbGciOiJIUzI1NiIsInR5cCI6IkpXVCJ9.eyJpZCI6IjY5YWFjYWQ2YjhlYzZkMDAxNTE1OTZjNCIsImZpcnN0TmFtZSI6IktlZXNoYSIsImxhc3ROYW1lIjoiV2lsa2luc29uIiwiaWF0IjoxNzcyODAwNzI2fQ.hv8oOHzy3C5q-CvPhSJuKz_B4KTtEraiVD1W_J7m2AE",
    "userID": "69aacad6b8ec6d00151596c4",
    "firstName": "Keesha"
}
HTTP/1.1 201 Created
Access-Control-Allow-Origin: *
Content-Length: 273
Content-Type: application/json; charset=utf-8
Date: Fri, 06 Mar 2026 12:38:46 GMT
Etag: W/"111-KwC043ssGK2YO5AbW6/Mf846040"
Nel: {"report_to":"heroku-nel","response_headers":["Via"],"max_age":3600,"success_fraction":0.01,"failure_fraction":0.1}
Report-To: {"group":"heroku-nel","endpoints":[{"url":"https://nel.heroku.com/reports?s=k%2B%2FGkPfoGk7XD7pKdAcCjlSEvJomEVwFESXyf042fJs%3D\u0026sid=812dcc77-0bd0-43b1-a5f1-b25750382959\u0026ts=1772800725"}],"max_age":3600}
Reporting-Endpoints: heroku-nel="https://nel.heroku.com/reports?s=k%2B%2FGkPfoGk7XD7pKdAcCjlSEvJomEVwFESXyf042fJs%3D&sid=812dcc77-0bd0-43b1-a5f1-b25750382959&ts=1772800725"
Server: Heroku
Set-Cookie: access_token=eyJhbGciOiJIUzI1NiIsInR5cCI6IkpXVCJ9.eyJpZCI6IjY5YWFjYWQ2YjhlYzZkMDAxNTE1OTZjOCIsImZpcnN0TmFtZSI6Ik5pY2siLCJsYXN0TmFtZSI6IkpvbmVzIiwiaWF0IjoxNzcyODAwNzI2fQ.q5tW6JVm4Act2_D_ELfbhRTvct3pf3IgPlHoUJzUgKs; Path=/
Set-Cookie: userID=j%3A%2269aacad6b8ec6d00151596c8%22; Path=/
Set-Cookie: firstName=Nick; Path=/
Via: 1.1 heroku-router
X-Powered-By: Express

{
    "access_token": "eyJhbGciOiJIUzI1NiIsInR5cCI6IkpXVCJ9.eyJpZCI6IjY5YWFjYWQ2YjhlYzZkMDAxNTE1OTZjOCIsImZpcnN0TmFtZSI6Ik5pY2siLCJsYXN0TmFtZSI6IkpvbmVzIiwiaWF0IjoxNzcyODAwNzI2fQ.q5tW6JVm4Act2_D_ELfbhRTvct3pf3IgPlHoUJzUgKs",
    "userID": "69aacad6b8ec6d00151596c8",
    "firstName": "Nick"
}
HTTP/1.1 201 Created
Access-Control-Allow-Origin: *
Content-Length: 290
Content-Type: application/json; charset=utf-8
Date: Fri, 06 Mar 2026 12:38:46 GMT
Etag: W/"122-hwvItlowygj0nwPYXu2DaUPlFBc"
Nel: {"report_to":"heroku-nel","response_headers":["Via"],"max_age":3600,"success_fraction":0.01,"failure_fraction":0.1}
Report-To: {"group":"heroku-nel","endpoints":[{"url":"https://nel.heroku.com/reports?s=k%2B%2FGkPfoGk7XD7pKdAcCjlSEvJomEVwFESXyf042fJs%3D\u0026sid=812dcc77-0bd0-43b1-a5f1-b25750382959\u0026ts=1772800725"}],"max_age":3600}
Reporting-Endpoints: heroku-nel="https://nel.heroku.com/reports?s=k%2B%2FGkPfoGk7XD7pKdAcCjlSEvJomEVwFESXyf042fJs%3D&sid=812dcc77-0bd0-43b1-a5f1-b25750382959&ts=1772800725"
Server: Heroku
Set-Cookie: access_token=eyJhbGciOiJIUzI1NiIsInR5cCI6IkpXVCJ9.eyJpZCI6IjY5YWFjYWQ2YjhlYzZkMDAxNTE1OTZjZSIsImZpcnN0TmFtZSI6IkthdGhlcmluZSIsImxhc3ROYW1lIjoiSGFsdm9yc29uIiwiaWF0IjoxNzcyODAwNzI2fQ.loWc0DGCYJdFuhkIe3j0uAKXYssduK20P3WGHiA8e4Y; Path=/
Set-Cookie: userID=j%3A%2269aacad6b8ec6d00151596ce%22; Path=/
Set-Cookie: firstName=Katherine; Path=/
Via: 1.1 heroku-router
X-Powered-By: Express

{
    "access_token": "eyJhbGciOiJIUzI1NiIsInR5cCI6IkpXVCJ9.eyJpZCI6IjY5YWFjYWQ2YjhlYzZkMDAxNTE1OTZjZSIsImZpcnN0TmFtZSI6IkthdGhlcmluZSIsImxhc3ROYW1lIjoiSGFsdm9yc29uIiwiaWF0IjoxNzcyODAwNzI2fQ.loWc0DGCYJdFuhkIe3j0uAKXYssduK20P3WGHiA8e4Y",
    "userID": "69aacad6b8ec6d00151596ce",
    "firstName": "Katherine"
}
HTTP/1.1 201 Created
Access-Control-Allow-Origin: *
Content-Length: 276
Content-Type: application/json; charset=utf-8
Date: Fri, 06 Mar 2026 12:38:46 GMT
Etag: W/"114-FfN+5LGZs85y+fXpqq5jzoZ+87g"
Nel: {"report_to":"heroku-nel","response_headers":["Via"],"max_age":3600,"success_fraction":0.01,"failure_fraction":0.1}
Report-To: {"group":"heroku-nel","endpoints":[{"url":"https://nel.heroku.com/reports?s=k%2B%2FGkPfoGk7XD7pKdAcCjlSEvJomEVwFESXyf042fJs%3D\u0026sid=812dcc77-0bd0-43b1-a5f1-b25750382959\u0026ts=1772800725"}],"max_age":3600}
Reporting-Endpoints: heroku-nel="https://nel.heroku.com/reports?s=k%2B%2FGkPfoGk7XD7pKdAcCjlSEvJomEVwFESXyf042fJs%3D&sid=812dcc77-0bd0-43b1-a5f1-b25750382959&ts=1772800725"
Server: Heroku
Set-Cookie: access_token=eyJhbGciOiJIUzI1NiIsInR5cCI6IkpXVCJ9.eyJpZCI6IjY5YWFjYWQ2YjhlYzZkMDAxNTE1OTZjYSIsImZpcnN0TmFtZSI6IkNhcm9sIiwibGFzdE5hbWUiOiJNdWxsZXIiLCJpYXQiOjE3NzI4MDA3MjZ9.50ZIt8x0UjBAGR7qRCnhdySl-aSynuuVghgR67Q3Y3Q; Path=/
Set-Cookie: userID=j%3A%2269aacad6b8ec6d00151596ca%22; Path=/
Set-Cookie: firstName=Carol; Path=/
Via: 1.1 heroku-router
X-Powered-By: Express

{
    "access_token": "eyJhbGciOiJIUzI1NiIsInR5cCI6IkpXVCJ9.eyJpZCI6IjY5YWFjYWQ2YjhlYzZkMDAxNTE1OTZjYSIsImZpcnN0TmFtZSI6IkNhcm9sIiwibGFzdE5hbWUiOiJNdWxsZXIiLCJpYXQiOjE3NzI4MDA3MjZ9.50ZIt8x0UjBAGR7qRCnhdySl-aSynuuVghgR67Q3Y3Q",
    "userID": "69aacad6b8ec6d00151596ca",
    "firstName": "Carol"
}
HTTP/1.1 201 Created
Access-Control-Allow-Origin: *
Content-Length: 280
Content-Type: application/json; charset=utf-8
Date: Fri, 06 Mar 2026 12:38:46 GMT
Etag: W/"118-MqrkT4rFWX7jz8mMGwCguJSdfWs"
Nel: {"report_to":"heroku-nel","response_headers":["Via"],"max_age":3600,"success_fraction":0.01,"failure_fraction":0.1}
Report-To: {"group":"heroku-nel","endpoints":[{"url":"https://nel.heroku.com/reports?s=k%2B%2FGkPfoGk7XD7pKdAcCjlSEvJomEVwFESXyf042fJs%3D\u0026sid=812dcc77-0bd0-43b1-a5f1-b25750382959\u0026ts=1772800725"}],"max_age":3600}
Reporting-Endpoints: heroku-nel="https://nel.heroku.com/reports?s=k%2B%2FGkPfoGk7XD7pKdAcCjlSEvJomEVwFESXyf042fJs%3D&sid=812dcc77-0bd0-43b1-a5f1-b25750382959&ts=1772800725"
Server: Heroku
Set-Cookie: access_token=eyJhbGciOiJIUzI1NiIsInR5cCI6IkpXVCJ9.eyJpZCI6IjY5YWFjYWQ2YjhlYzZkMDAxNTE1OTZjNiIsImZpcnN0TmFtZSI6Ik1lbGFuaWEiLCJsYXN0TmFtZSI6IldhbHNoIiwiaWF0IjoxNzcyODAwNzI2fQ.-g57B2l19igSRaYurrZoMMNSEgbDzfyG5RK4llEBNeA; Path=/
Set-Cookie: userID=j%3A%2269aacad6b8ec6d00151596c6%22; Path=/
Set-Cookie: firstName=Melania; Path=/
Via: 1.1 heroku-router
X-Powered-By: Express

{
    "access_token": "eyJhbGciOiJIUzI1NiIsInR5cCI6IkpXVCJ9.eyJpZCI6IjY5YWFjYWQ2YjhlYzZkMDAxNTE1OTZjNiIsImZpcnN0TmFtZSI6Ik1lbGFuaWEiLCJsYXN0TmFtZSI6IldhbHNoIiwiaWF0IjoxNzcyODAwNzI2fQ.-g57B2l19igSRaYurrZoMMNSEgbDzfyG5RK4llEBNeA",
    "userID": "69aacad6b8ec6d00151596c6",
    "firstName": "Melania"
}
HTTP/1.1 201 Created
Access-Control-Allow-Origin: *
Content-Length: 276
Content-Type: application/json; charset=utf-8
Date: Fri, 06 Mar 2026 12:38:46 GMT
Etag: W/"114-BrzVJUriZ9AAAis3t7pEdvmjYCo"
Nel: {"report_to":"heroku-nel","response_headers":["Via"],"max_age":3600,"success_fraction":0.01,"failure_fraction":0.1}
Report-To: {"group":"heroku-nel","endpoints":[{"url":"https://nel.heroku.com/reports?s=k%2B%2FGkPfoGk7XD7pKdAcCjlSEvJomEVwFESXyf042fJs%3D\u0026sid=812dcc77-0bd0-43b1-a5f1-b25750382959\u0026ts=1772800725"}],"max_age":3600}
Reporting-Endpoints: heroku-nel="https://nel.heroku.com/reports?s=k%2B%2FGkPfoGk7XD7pKdAcCjlSEvJomEVwFESXyf042fJs%3D&sid=812dcc77-0bd0-43b1-a5f1-b25750382959&ts=1772800725"
Server: Heroku
Set-Cookie: access_token=eyJhbGciOiJIUzI1NiIsInR5cCI6IkpXVCJ9.eyJpZCI6IjY5YWFjYWQ2YjhlYzZkMDAxNTE1OTZjYyIsImZpcnN0TmFtZSI6IkFudG9uZSIsImxhc3ROYW1lIjoiRGFjaCIsImlhdCI6MTc3MjgwMDcyNn0.IVIBWPAtuzFngooiI9f4CM92AHdUo7fZ6qCZ789qT9I; Path=/
Set-Cookie: userID=j%3A%2269aacad6b8ec6d00151596cc%22; Path=/
Set-Cookie: firstName=Antone; Path=/
Via: 1.1 heroku-router
X-Powered-By: Express

{
    "access_token": "eyJhbGciOiJIUzI1NiIsInR5cCI6IkpXVCJ9.eyJpZCI6IjY5YWFjYWQ2YjhlYzZkMDAxNTE1OTZjYyIsImZpcnN0TmFtZSI6IkFudG9uZSIsImxhc3ROYW1lIjoiRGFjaCIsImlhdCI6MTc3MjgwMDcyNn0.IVIBWPAtuzFngooiI9f4CM92AHdUo7fZ6qCZ789qT9I",
    "userID": "69aacad6b8ec6d00151596cc",
    "firstName": "Antone"
}
HTTP/1.1 201 Created
Access-Control-Allow-Origin: *
Content-Length: 282
Content-Type: application/json; charset=utf-8
Date: Fri, 06 Mar 2026 12:38:46 GMT
Etag: W/"11a-f81jqILTqhbz1KFR9ZlJMwJuSO4"
Nel: {"report_to":"heroku-nel","response_headers":["Via"],"max_age":3600,"success_fraction":0.01,"failure_fraction":0.1}
Report-To: {"group":"heroku-nel","endpoints":[{"url":"https://nel.heroku.com/reports?s=k%2B%2FGkPfoGk7XD7pKdAcCjlSEvJomEVwFESXyf042fJs%3D\u0026sid=812dcc77-0bd0-43b1-a5f1-b25750382959\u0026ts=1772800725"}],"max_age":3600}
Reporting-Endpoints: heroku-nel="https://nel.heroku.com/reports?s=k%2B%2FGkPfoGk7XD7pKdAcCjlSEvJomEVwFESXyf042fJs%3D&sid=812dcc77-0bd0-43b1-a5f1-b25750382959&ts=1772800725"
Server: Heroku
Set-Cookie: access_token=eyJhbGciOiJIUzI1NiIsInR5cCI6IkpXVCJ9.eyJpZCI6IjY5YWFjYWQ2YjhlYzZkMDAxNTE1OTZkMCIsImZpcnN0TmFtZSI6IkFuZ2VseW4iLCJsYXN0TmFtZSI6IktvZWxwaW4iLCJpYXQiOjE3NzI4MDA3MjZ9._fkr8ZRV_vH9Btmeja3tZtJpfMkKFMaz70AparCfhNE; Path=/
Set-Cookie: userID=j%3A%2269aacad6b8ec6d00151596d0%22; Path=/
Set-Cookie: firstName=Angelyn; Path=/
Via: 1.1 heroku-router
X-Powered-By: Express

{
    "access_token": "eyJhbGciOiJIUzI1NiIsInR5cCI6IkpXVCJ9.eyJpZCI6IjY5YWFjYWQ2YjhlYzZkMDAxNTE1OTZkMCIsImZpcnN0TmFtZSI6IkFuZ2VseW4iLCJsYXN0TmFtZSI6IktvZWxwaW4iLCJpYXQiOjE3NzI4MDA3MjZ9._fkr8ZRV_vH9Btmeja3tZtJpfMkKFMaz70AparCfhNE",
    "userID": "69aacad6b8ec6d00151596d0",
    "firstName": "Angelyn"
}
Request method:	POST
Request URI:	https://qacart-todo.herokuapp.com/api/v1/users/login
Proxy:			<none>
Request params:	<none>
Query params:	<none>
Form params:	<none>
Path params:	<none>
Headers:		Accept=*/*
				Content-Type=application/json
Cookies:		<none>
Multiparts:		<none>
Body:
{
    "email": "teena.graham@hotmail.com",
    "password": "12341234"
}
Request method:	POST
Request URI:	https://qacart-todo.herokuapp.com/api/v1/users/register
Proxy:			<none>
Request params:	<none>
Query params:	<none>
Form params:	<none>
Path params:	<none>
Headers:		Accept=*/*
				Content-Type=application/json
Cookies:		<none>
Multiparts:		<none>
Body:
{
    "firstName": "Antone",
    "lastName": "Dach",
    "email": "harris.wunsch@hotmail.com",
    "password": "12341234"
}
HTTP/1.1 201 Created
Access-Control-Allow-Origin: *
Content-Length: 279
Content-Type: application/json; charset=utf-8
Date: Fri, 06 Mar 2026 12:38:46 GMT
Etag: W/"117-/ieSLSwpBcvhuu4Dmt+44k3k2vI"
Nel: {"report_to":"heroku-nel","response_headers":["Via"],"max_age":3600,"success_fraction":0.01,"failure_fraction":0.1}
Report-To: {"group":"heroku-nel","endpoints":[{"url":"https://nel.heroku.com/reports?s=k%2B%2FGkPfoGk7XD7pKdAcCjlSEvJomEVwFESXyf042fJs%3D\u0026sid=812dcc77-0bd0-43b1-a5f1-b25750382959\u0026ts=1772800725"}],"max_age":3600}
Reporting-Endpoints: heroku-nel="https://nel.heroku.com/reports?s=k%2B%2FGkPfoGk7XD7pKdAcCjlSEvJomEVwFESXyf042fJs%3D&sid=812dcc77-0bd0-43b1-a5f1-b25750382959&ts=1772800725"
Server: Heroku
Set-Cookie: access_token=eyJhbGciOiJIUzI1NiIsInR5cCI6IkpXVCJ9.eyJpZCI6IjY5YWFjYWQ2YjhlYzZkMDAxNTE1OTZkMiIsImZpcnN0TmFtZSI6IkFkb2xmbyIsImxhc3ROYW1lIjoiQmFydG9uIiwiaWF0IjoxNzcyODAwNzI2fQ.VxLuK_F6NvmYzgz-LS6_p1GI5XXDOuPlcjAIxLd9tqY; Path=/
Set-Cookie: userID=j%3A%2269aacad6b8ec6d00151596d2%22; Path=/
Set-Cookie: firstName=Adolfo; Path=/
Via: 1.1 heroku-router
X-Powered-By: Express

{
    "access_token": "eyJhbGciOiJIUzI1NiIsInR5cCI6IkpXVCJ9.eyJpZCI6IjY5YWFjYWQ2YjhlYzZkMDAxNTE1OTZkMiIsImZpcnN0TmFtZSI6IkFkb2xmbyIsImxhc3ROYW1lIjoiQmFydG9uIiwiaWF0IjoxNzcyODAwNzI2fQ.VxLuK_F6NvmYzgz-LS6_p1GI5XXDOuPlcjAIxLd9tqY",
    "userID": "69aacad6b8ec6d00151596d2",
    "firstName": "Adolfo"
}
Request method:	POST
Request URI:	https://qacart-todo.herokuapp.com/api/v1/users/login
Proxy:			<none>
Request params:	<none>
Query params:	<none>
Form params:	<none>
Path params:	<none>
Headers:		Accept=*/*
				Content-Type=application/json
Cookies:		<none>
Multiparts:		<none>
Body:
{
    "email": "meta.champlin@hotmail.com",
    "password": "InvalidPassword"
}
]]></system-out>
    <system-err><![CDATA[SLF4J(W): No SLF4J providers were found.
SLF4J(W): Defaulting to no-operation (NOP) logger implementation
SLF4J(W): See https://www.slf4j.org/codes.html#noProviders for further details.
]]></system-err>
  </testcase>
  <testcase name="shouldNotBeAbleToRegisterByTheSameEmail" classname="com.qacart.todo.testCases.UserTest" time="5.941">
    <system-out><![CDATA[HTTP/1.1 400 Bad Request
Access-Control-Allow-Origin: *
Content-Length: 53
Content-Type: application/json; charset=utf-8
Date: Fri, 06 Mar 2026 12:38:47 GMT
Etag: W/"35-dsxV0+vy1L0TgNQY0Spaqv/j9fw"
Nel: {"report_to":"heroku-nel","response_headers":["Via"],"max_age":3600,"success_fraction":0.01,"failure_fraction":0.1}
Report-To: {"group":"heroku-nel","endpoints":[{"url":"https://nel.heroku.com/reports?s=XeGD1eYpqiIlwwQm%2BfYQh8aKyBf43ivWvIamDZU3gYY%3D\u0026sid=812dcc77-0bd0-43b1-a5f1-b25750382959\u0026ts=1772800727"}],"max_age":3600}
Reporting-Endpoints: heroku-nel="https://nel.heroku.com/reports?s=XeGD1eYpqiIlwwQm%2BfYQh8aKyBf43ivWvIamDZU3gYY%3D&sid=812dcc77-0bd0-43b1-a5f1-b25750382959&ts=1772800727"
Server: Heroku
Via: 1.1 heroku-router
X-Powered-By: Express

{
    "message": "Email is already exists in the Database"
}
]]></system-out>
  </testcase>
  <testcase name="userShouldNotBeAbleToLoginWithInvalidCredentials" classname="com.qacart.todo.testCases.UserTest" time="6.134">
    <system-out><![CDATA[HTTP/1.1 200 OK
Access-Control-Allow-Origin: *
Content-Length: 273
Content-Type: application/json; charset=utf-8
Date: Fri, 06 Mar 2026 12:38:47 GMT
Etag: W/"111-H+r681m4P40vFV6KAo8GN2sjAuk"
Nel: {"report_to":"heroku-nel","response_headers":["Via"],"max_age":3600,"success_fraction":0.01,"failure_fraction":0.1}
Report-To: {"group":"heroku-nel","endpoints":[{"url":"https://nel.heroku.com/reports?s=XeGD1eYpqiIlwwQm%2BfYQh8aKyBf43ivWvIamDZU3gYY%3D\u0026sid=812dcc77-0bd0-43b1-a5f1-b25750382959\u0026ts=1772800727"}],"max_age":3600}
Reporting-Endpoints: heroku-nel="https://nel.heroku.com/reports?s=XeGD1eYpqiIlwwQm%2BfYQh8aKyBf43ivWvIamDZU3gYY%3D&sid=812dcc77-0bd0-43b1-a5f1-b25750382959&ts=1772800727"
Server: Heroku
Set-Cookie: access_token=eyJhbGciOiJIUzI1NiIsInR5cCI6IkpXVCJ9.eyJpZCI6IjY5YWFjYWQ2YjhlYzZkMDAxNTE1OTZjOCIsImZpcnN0TmFtZSI6Ik5pY2siLCJsYXN0TmFtZSI6IkpvbmVzIiwiaWF0IjoxNzcyODAwNzI3fQ.UIOj3yVbDK76gDSMHbqlc47FP9rxqSojJAup-FO3RNs; Path=/
Set-Cookie: userID=j%3A%2269aacad6b8ec6d00151596c8%22; Path=/
Set-Cookie: firstName=Nick; Path=/
Via: 1.1 heroku-router
X-Powered-By: Express

{
    "access_token": "eyJhbGciOiJIUzI1NiIsInR5cCI6IkpXVCJ9.eyJpZCI6IjY5YWFjYWQ2YjhlYzZkMDAxNTE1OTZjOCIsImZpcnN0TmFtZSI6Ik5pY2siLCJsYXN0TmFtZSI6IkpvbmVzIiwiaWF0IjoxNzcyODAwNzI3fQ.UIOj3yVbDK76gDSMHbqlc47FP9rxqSojJAup-FO3RNs",
    "userID": "69aacad6b8ec6d00151596c8",
    "firstName": "Nick"
}
HTTP/1.1 401 Unauthorized
Access-Control-Allow-Origin: *
Content-Length: 105
Content-Type: application/json; charset=utf-8
Date: Fri, 06 Mar 2026 12:38:47 GMT
Etag: W/"69-+ROAeTYdLtKREH6azCyNv++b54o"
Nel: {"report_to":"heroku-nel","response_headers":["Via"],"max_age":3600,"success_fraction":0.01,"failure_fraction":0.1}
Report-To: {"group":"heroku-nel","endpoints":[{"url":"https://nel.heroku.com/reports?s=XeGD1eYpqiIlwwQm%2BfYQh8aKyBf43ivWvIamDZU3gYY%3D\u0026sid=812dcc77-0bd0-43b1-a5f1-b25750382959\u0026ts=1772800727"}],"max_age":3600}
Reporting-Endpoints: heroku-nel="https://nel.heroku.com/reports?s=XeGD1eYpqiIlwwQm%2BfYQh8aKyBf43ivWvIamDZU3gYY%3D&sid=812dcc77-0bd0-43b1-a5f1-b25750382959&ts=1772800727"
Server: Heroku
Via: 1.1 heroku-router
X-Powered-By: Express

{
    "message": "The email and password combination is not correct, please fill a correct email and password"
}
]]></system-out>
  </testcase>
  <testcase name="userShouldBeAbleToLogin" classname="com.qacart.todo.testCases.UserTest" time="6.186"/>
  <testcase name="shouldBeAbleToAddToDo" classname="com.qacart.todo.testCases.ToDoTest" time="6.846">
    <system-out><![CDATA[Request method:	POST
Request URI:	https://qacart-todo.herokuapp.com/api/v1/tasks
Proxy:			<none>
Request params:	<none>
Query params:	<none>
Form params:	<none>
Path params:	<none>
Headers:		Accept=*/*
				Content-Type=application/json
Cookies:		<none>
Multiparts:		<none>
Body:
{
    "item": "Endless Night",
    "isCompleted": false
}
Request method:	POST
Request URI:	https://qacart-todo.herokuapp.com/api/v1/tasks
Proxy:			<none>
Request params:	<none>
Query params:	<none>
Form params:	<none>
Path params:	<none>
Headers:		Accept=*/*
				Content-Type=application/json
Cookies:		<none>
Multiparts:		<none>
Body:
{
    "item": "Precious Bane",
    "isCompleted": false
}
Request method:	POST
Request URI:	https://qacart-todo.herokuapp.com/api/v1/tasks
Proxy:			<none>
Request params:	<none>
Query params:	<none>
Form params:	<none>
Path params:	<none>
Headers:		Accept=*/*
				Content-Type=application/json
Cookies:		<none>
Multiparts:		<none>
Body:
{
    "item": "Jesting Pilate",
    "isCompleted": false
}
Request method:	POST
Request URI:	https://qacart-todo.herokuapp.com/api/v1/tasks
Proxy:			<none>
Request params:	<none>
Query params:	<none>
Form params:	<none>
Path params:	<none>
Headers:		Accept=*/*
				Content-Type=application/json
Cookies:		<none>
Multiparts:		<none>
Body:
{
    "item": "Learn Playwright"
}
Body:
{
    "item": "Endless Night",
    "isCompleted": false
}
Body:
{
    "item": "Precious Bane",
    "isCompleted": false
}
Body:
{
    "item": "Learn Playwright"
}
Body:
{
    "item": "Jesting Pilate",
    "isCompleted": false
}
Request method:	POST
Request URI:	https://qacart-todo.herokuapp.com/api/v1/tasks
Proxy:			<none>
Request params:	<none>
Query params:	<none>
Form params:	<none>
Path params:	<none>
Headers:		Accept=*/*
				Content-Type=application/json
Cookies:		<none>
Multiparts:		<none>
Body:
{
    "item": "The Little Foxes",
    "isCompleted": false
}
Body:
{
    "item": "The Little Foxes",
    "isCompleted": false
}
HTTP/1.1 201 Created
Access-Control-Allow-Origin: *
Content-Length: 163
Content-Type: application/json; charset=utf-8
Date: Fri, 06 Mar 2026 12:38:48 GMT
Etag: W/"a3-IRbodJit56ESYJizhNsmFOLCDYA"
Nel: {"report_to":"heroku-nel","response_headers":["Via"],"max_age":3600,"success_fraction":0.01,"failure_fraction":0.1}
Report-To: {"group":"heroku-nel","endpoints":[{"url":"https://nel.heroku.com/reports?s=uUWcAoldXP0sBxecQQFMfPXJZtCGLHgItpbhiDkOkg8%3D\u0026sid=812dcc77-0bd0-43b1-a5f1-b25750382959\u0026ts=1772800728"}],"max_age":3600}
Reporting-Endpoints: heroku-nel="https://nel.heroku.com/reports?s=uUWcAoldXP0sBxecQQFMfPXJZtCGLHgItpbhiDkOkg8%3D&sid=812dcc77-0bd0-43b1-a5f1-b25750382959&ts=1772800728"
Server: Heroku
Via: 1.1 heroku-router
X-Powered-By: Express

{
    "isCompleted": false,
    "_id": "69aacad8b8ec6d00151596d7",
    "item": "The Little Foxes",
    "userID": "69aacad6b8ec6d00151596c1",
    "createdAt": "2026-03-06T12:38:48.284Z",
    "__v": 0
}
HTTP/1.1 201 Created
Access-Control-Allow-Origin: *
Content-Length: 160
Content-Type: application/json; charset=utf-8
Date: Fri, 06 Mar 2026 12:38:48 GMT
Etag: W/"a0-G11OllSjsaolyu3e0E+aeR2G+w4"
Nel: {"report_to":"heroku-nel","response_headers":["Via"],"max_age":3600,"success_fraction":0.01,"failure_fraction":0.1}
Report-To: {"group":"heroku-nel","endpoints":[{"url":"https://nel.heroku.com/reports?s=uUWcAoldXP0sBxecQQFMfPXJZtCGLHgItpbhiDkOkg8%3D\u0026sid=812dcc77-0bd0-43b1-a5f1-b25750382959\u0026ts=1772800728"}],"max_age":3600}
Reporting-Endpoints: heroku-nel="https://nel.heroku.com/reports?s=uUWcAoldXP0sBxecQQFMfPXJZtCGLHgItpbhiDkOkg8%3D&sid=812dcc77-0bd0-43b1-a5f1-b25750382959&ts=1772800728"
Server: Heroku
Via: 1.1 heroku-router
X-Powered-By: Express

{
    "isCompleted": false,
    "_id": "69aacad8b8ec6d00151596d9",
    "item": "Precious Bane",
    "userID": "69aacad6b8ec6d00151596c6",
    "createdAt": "2026-03-06T12:38:48.288Z",
    "__v": 0
}
HTTP/1.1 201 Created
Access-Control-Allow-Origin: *
Content-Length: 161
Content-Type: application/json; charset=utf-8
Date: Fri, 06 Mar 2026 12:38:48 GMT
Etag: W/"a1-Xg090dgXNPpp9E5WoClD5uSTDZ4"
Nel: {"report_to":"heroku-nel","response_headers":["Via"],"max_age":3600,"success_fraction":0.01,"failure_fraction":0.1}
Report-To: {"group":"heroku-nel","endpoints":[{"url":"https://nel.heroku.com/reports?s=uUWcAoldXP0sBxecQQFMfPXJZtCGLHgItpbhiDkOkg8%3D\u0026sid=812dcc77-0bd0-43b1-a5f1-b25750382959\u0026ts=1772800728"}],"max_age":3600}
Reporting-Endpoints: heroku-nel="https://nel.heroku.com/reports?s=uUWcAoldXP0sBxecQQFMfPXJZtCGLHgItpbhiDkOkg8%3D&sid=812dcc77-0bd0-43b1-a5f1-b25750382959&ts=1772800728"
Server: Heroku
Via: 1.1 heroku-router
X-Powered-By: Express

{
    "isCompleted": false,
    "_id": "69aacad8b8ec6d00151596db",
    "item": "Jesting Pilate",
    "userID": "69aacad6b8ec6d00151596c4",
    "createdAt": "2026-03-06T12:38:48.290Z",
    "__v": 0
}
HTTP/1.1 201 Created
Access-Control-Allow-Origin: *
Content-Length: 160
Content-Type: application/json; charset=utf-8
Date: Fri, 06 Mar 2026 12:38:48 GMT
Etag: W/"a0-ZONpUmdPFJ+B9j7m0MHzVfVHSoI"
Nel: {"report_to":"heroku-nel","response_headers":["Via"],"max_age":3600,"success_fraction":0.01,"failure_fraction":0.1}
Report-To: {"group":"heroku-nel","endpoints":[{"url":"https://nel.heroku.com/reports?s=uUWcAoldXP0sBxecQQFMfPXJZtCGLHgItpbhiDkOkg8%3D\u0026sid=812dcc77-0bd0-43b1-a5f1-b25750382959\u0026ts=1772800728"}],"max_age":3600}
Reporting-Endpoints: heroku-nel="https://nel.heroku.com/reports?s=uUWcAoldXP0sBxecQQFMfPXJZtCGLHgItpbhiDkOkg8%3D&sid=812dcc77-0bd0-43b1-a5f1-b25750382959&ts=1772800728"
Server: Heroku
Via: 1.1 heroku-router
X-Powered-By: Express

{
    "isCompleted": false,
    "_id": "69aacad8b8ec6d00151596dd",
    "item": "Endless Night",
    "userID": "69aacad6b8ec6d00151596d0",
    "createdAt": "2026-03-06T12:38:48.297Z",
    "__v": 0
}
]]></system-out>
  </testcase>
  <testcase name="shouldNotBeAbleToAddToDo" classname="com.qacart.todo.testCases.ToDoTest" time="6.886">
    <system-out><![CDATA[Request method:	DELETE
Request URI:	https://qacart-todo.herokuapp.com/api/v1/tasks/69aacad8b8ec6d00151596d9
Proxy:			<none>
Request params:	<none>
Query params:	<none>
Form params:	<none>
Path params:	<none>
Headers:		Accept=*/*
				Content-Type=application/json
Cookies:		<none>
Multiparts:		<none>
Body:			<none>
Request method:	GET
Request URI:	https://qacart-todo.herokuapp.com/api/v1/tasks/69aacad8b8ec6d00151596d7
Proxy:			<none>
Request params:	<none>
Query params:	<none>
Form params:	<none>
Path params:	<none>
Headers:		Accept=*/*
				Content-Type=application/json
Cookies:		<none>
Multiparts:		<none>
Body:			<none>
Request method:	PUT
Request URI:	https://qacart-todo.herokuapp.com/api/v1/tasks/69aacad8b8ec6d00151596db
Proxy:			<none>
Request params:	<none>
Query params:	<none>
Form params:	<none>
Path params:	<none>
Headers:		Accept=*/*
				Content-Type=application/json
Cookies:		<none>
Multiparts:		<none>
Body:
{
    "item": "Jesting Pilate",
    "isCompleted": false
}
HTTP/1.1 400 Bad Request
Access-Control-Allow-Origin: *
Content-Length: 41
Content-Type: application/json; charset=utf-8
Date: Fri, 06 Mar 2026 12:38:48 GMT
Etag: W/"29-6r/RqTsrv9UltwKyzcuXEXN5hS4"
Nel: {"report_to":"heroku-nel","response_headers":["Via"],"max_age":3600,"success_fraction":0.01,"failure_fraction":0.1}
Report-To: {"group":"heroku-nel","endpoints":[{"url":"https://nel.heroku.com/reports?s=uUWcAoldXP0sBxecQQFMfPXJZtCGLHgItpbhiDkOkg8%3D\u0026sid=812dcc77-0bd0-43b1-a5f1-b25750382959\u0026ts=1772800728"}],"max_age":3600}
Reporting-Endpoints: heroku-nel="https://nel.heroku.com/reports?s=uUWcAoldXP0sBxecQQFMfPXJZtCGLHgItpbhiDkOkg8%3D&sid=812dcc77-0bd0-43b1-a5f1-b25750382959&ts=1772800728"
Server: Heroku
Via: 1.1 heroku-router
X-Powered-By: Express

{
    "message": "\"isCompleted\" is required"
}
]]></system-out>
  </testcase>
  <testcase name="shouldBeAbleToDeleteToDo" classname="com.qacart.todo.testCases.ToDoTest" time="7.418">
    <system-out><![CDATA[HTTP/1.1 200 OK
Access-Control-Allow-Origin: *
Content-Length: 160
Content-Type: application/json; charset=utf-8
Date: Fri, 06 Mar 2026 12:38:48 GMT
Etag: W/"a0-G11OllSjsaolyu3e0E+aeR2G+w4"
Nel: {"report_to":"heroku-nel","response_headers":["Via"],"max_age":3600,"success_fraction":0.01,"failure_fraction":0.1}
Report-To: {"group":"heroku-nel","endpoints":[{"url":"https://nel.heroku.com/reports?s=uUWcAoldXP0sBxecQQFMfPXJZtCGLHgItpbhiDkOkg8%3D\u0026sid=812dcc77-0bd0-43b1-a5f1-b25750382959\u0026ts=1772800728"}],"max_age":3600}
Reporting-Endpoints: heroku-nel="https://nel.heroku.com/reports?s=uUWcAoldXP0sBxecQQFMfPXJZtCGLHgItpbhiDkOkg8%3D&sid=812dcc77-0bd0-43b1-a5f1-b25750382959&ts=1772800728"
Server: Heroku
Via: 1.1 heroku-router
X-Powered-By: Express

{
    "isCompleted": false,
    "_id": "69aacad8b8ec6d00151596d9",
    "item": "Precious Bane",
    "userID": "69aacad6b8ec6d00151596c6",
    "createdAt": "2026-03-06T12:38:48.288Z",
    "__v": 0
}
]]></system-out>
  </testcase>
  <testcase name="shouldBeAbleToGetToDo" classname="com.qacart.todo.testCases.ToDoTest" time="7.455">
    <system-out><![CDATA[HTTP/1.1 200 OK
Access-Control-Allow-Origin: *
Content-Length: 163
Content-Type: application/json; charset=utf-8
Date: Fri, 06 Mar 2026 12:38:48 GMT
Etag: W/"a3-IRbodJit56ESYJizhNsmFOLCDYA"
Nel: {"report_to":"heroku-nel","response_headers":["Via"],"max_age":3600,"success_fraction":0.01,"failure_fraction":0.1}
Report-To: {"group":"heroku-nel","endpoints":[{"url":"https://nel.heroku.com/reports?s=uUWcAoldXP0sBxecQQFMfPXJZtCGLHgItpbhiDkOkg8%3D\u0026sid=812dcc77-0bd0-43b1-a5f1-b25750382959\u0026ts=1772800728"}],"max_age":3600}
Reporting-Endpoints: heroku-nel="https://nel.heroku.com/reports?s=uUWcAoldXP0sBxecQQFMfPXJZtCGLHgItpbhiDkOkg8%3D&sid=812dcc77-0bd0-43b1-a5f1-b25750382959&ts=1772800728"
Server: Heroku
Via: 1.1 heroku-router
X-Powered-By: Express

{
    "isCompleted": false,
    "_id": "69aacad8b8ec6d00151596d7",
    "item": "The Little Foxes",
    "userID": "69aacad6b8ec6d00151596c1",
    "createdAt": "2026-03-06T12:38:48.284Z",
    "__v": 0
}
HTTP/1.1 200 OK
Access-Control-Allow-Origin: *
Content-Length: 161
Content-Type: application/json; charset=utf-8
Date: Fri, 06 Mar 2026 12:38:48 GMT
Etag: W/"a1-Xg090dgXNPpp9E5WoClD5uSTDZ4"
Nel: {"report_to":"heroku-nel","response_headers":["Via"],"max_age":3600,"success_fraction":0.01,"failure_fraction":0.1}
Report-To: {"group":"heroku-nel","endpoints":[{"url":"https://nel.heroku.com/reports?s=uUWcAoldXP0sBxecQQFMfPXJZtCGLHgItpbhiDkOkg8%3D\u0026sid=812dcc77-0bd0-43b1-a5f1-b25750382959\u0026ts=1772800728"}],"max_age":3600}
Reporting-Endpoints: heroku-nel="https://nel.heroku.com/reports?s=uUWcAoldXP0sBxecQQFMfPXJZtCGLHgItpbhiDkOkg8%3D&sid=812dcc77-0bd0-43b1-a5f1-b25750382959&ts=1772800728"
Server: Heroku
Via: 1.1 heroku-router
X-Powered-By: Express

{
    "isCompleted": false,
    "_id": "69aacad8b8ec6d00151596db",
    "item": "Jesting Pilate",
    "userID": "69aacad6b8ec6d00151596c4",
    "createdAt": "2026-03-06T12:38:48.290Z",
    "__v": 0
}
]]></system-out>
  </testcase>
  <testcase name="shouldBeAbleToUpdateToDo" classname="com.qacart.todo.testCases.ToDoTest" time="7.458"/>
</testsuite>