<?xml version="1.0" encoding="UTF-8"?>
<testng-results ignored="0" total="9" passed="9" failed="0" skipped="0">
  <reporter-output>
  </reporter-output>
  <suite started-at="2026-03-06T14:38:39 EET" name="Surefire suite" finished-at="2026-03-06T14:38:46 EET" duration-ms="7565">
    <groups>
    </groups>
    <test started-at="2026-03-06T14:38:39 EET" name="Surefire test" finished-at="2026-03-06T14:38:46 EET" duration-ms="7565">
      <class name="com.qacart.todo.testCases.ToDoTest">
        <test-method signature="shouldNotBeAbleToAddToDo()[pri:0, instance:com.qacart.todo.testCases.ToDoTest@5136d012]" started-at="2026-03-06T14:38:39 EET" name="shouldNotBeAbleToAddToDo" description="User should not be able to add ToDo with invalid data" finished-at="2026-03-06T14:38:46 EET" duration-ms="6882" status="PASS">
          <reporter-output>
          </reporter-output>
        </test-method> <!-- shouldNotBeAbleToAddToDo -->
        <test-method signature="shouldBeAbleToAddToDo()[pri:0, instance:com.qacart.todo.testCases.ToDoTest@5136d012]" started-at="2026-03-06T14:38:39 EET" name="shouldBeAbleToAddToDo" description="User should be able to add a new ToDo" finished-at="2026-03-06T14:38:45 EET" duration-ms="6805" status="PASS">
          <reporter-output>
          </reporter-output>
        </test-method> <!-- shouldBeAbleToAddToDo -->
        <test-method signature="shouldBeAbleToDeleteToDo()[pri:0, instance:com.qacart.todo.testCases.ToDoTest@5136d012]" started-at="2026-03-06T14:38:39 EET" name="shouldBeAbleToDeleteToDo" description="User should be able to delete a ToDo" finished-at="2026-03-06T14:38:46 EET" duration-ms="7412" status="PASS">
          <reporter-output>
          </reporter-output>
        </test-method> <!-- shouldBeAbleToDeleteToDo -->
        <test-method signature="shouldBeAbleToUpdateToDo()[pri:0, instance:com.qacart.todo.testCases.ToDoTest@5136d012]" started-at="2026-03-06T14:38:39 EET" name="shouldBeAbleToUpdateToDo" description="User should be able to update a ToDo" finished-at="2026-03-06T14:38:46 EET" duration-ms="7450" status="PASS">
          <reporter-output>
          </reporter-output>
        </test-method> <!-- shouldBeAbleToUpdateToDo -->
        <test-method signature="shouldBeAbleToGetToDo()[pri:0, instance:com.qacart.todo.testCases.ToDoTest@5136d012]" started-at="2026-03-06T14:38:39 EET" name="shouldBeAbleToGetToDo" description="User should be able to retrieve an existing ToDo" finished-at="2026-03-06T14:38:46 EET" duration-ms="7441" status="PASS">
          <reporter-output>
          </reporter-output>
        </test-method> <!-- shouldBeAbleToGetToDo -->
      </class> <!-- com.qacart.todo.testCases.ToDoTest -->
      <class name="com.qacart.todo.testCases.UserTest">
        <test-method signature="shouldNotBeAbleToRegisterByTheSameEmail()[pri:0, instance:com.qacart.todo.testCases.UserTest@40cb8df7]" started-at="2026-03-06T14:38:39 EET" name="shouldNotBeAbleToRegisterByTheSameEmail" description="User should not be able to register with existing email" finished-at="2026-03-06T14:38:45 EET" duration-ms="5937" status="PASS">
          <reporter-output>
          </reporter-output>
        </test-method> <!-- shouldNotBeAbleToRegisterByTheSameEmail -->
        <test-method signature="userShouldBeAbleToLogin()[pri:0, instance:com.qacart.todo.testCases.UserTest@40cb8df7]" started-at="2026-03-06T14:38:39 EET" name="userShouldBeAbleToLogin" description="User should be able to login with valid credentials" finished-at="2026-03-06T14:38:45 EET" duration-ms="6190" status="PASS">
          <reporter-output>
          </reporter-output>
        </test-method> <!-- userShouldBeAbleToLogin -->
        <test-method signature="userShouldNotBeAbleToLoginWithInvalidCredentials()[pri:0, instance:com.qacart.todo.testCases.UserTest@40cb8df7]" started-at="2026-03-06T14:38:39 EET" name="userShouldNotBeAbleToLoginWithInvalidCredentials" description="User should not be able to login with invalid credentials" finished-at="2026-03-06T14:38:45 EET" duration-ms="6130" status="PASS">
          <reporter-output>
          </reporter-output>
        </test-method> <!-- userShouldNotBeAbleToLoginWithInvalidCredentials -->
        <test-method signature="shouldBeAbleToRegister()[pri:0, instance:com.qacart.todo.testCases.UserTest@40cb8df7]" started-at="2026-03-06T14:38:39 EET" name="shouldBeAbleToRegister" description="User should be able to register" finished-at="2026-03-06T14:38:44 EET" duration-ms="5406" status="PASS">
          <reporter-output>
          </reporter-output>
        </test-method> <!-- shouldBeAbleToRegister -->
      </class> <!-- com.qacart.todo.testCases.UserTest -->
    </test> <!-- Surefire test -->
  </suite> <!-- Surefire suite -->
</testng-results>
