<?xml version="1.0" encoding="UTF-8"?>
<!-- Generated by org.testng.reporters.JUnitReportReporter -->
<testsuite hostname="DESKTOP-1TA021U" failures="0" tests="4" name="com.qacart.todo.testCases.UserTest" time="23.663" errors="0" timestamp="2026-03-06T14:38:46 EET" skipped="0">
  <testcase classname="com.qacart.todo.testCases.UserTest" name="userShouldNotBeAbleToLoginWithInvalidCredentials" time="6.130"/>
  <testcase classname="com.qacart.todo.testCases.UserTest" name="shouldNotBeAbleToRegisterByTheSameEmail" time="5.937"/>
  <testcase classname="com.qacart.todo.testCases.UserTest" name="userShouldBeAbleToLogin" time="6.190"/>
  <testcase classname="com.qacart.todo.testCases.UserTest" name="shouldBeAbleToRegister" time="5.406"/>
</testsuite> <!-- com.qacart.todo.testCases.UserTest -->
