<?xml version="1.0" encoding="UTF-8"?>
<!-- Generated by org.testng.reporters.JUnitReportReporter -->
<testsuite hostname="DESKTOP-1TA021U" failures="0" tests="5" name="com.qacart.todo.testCases.ToDoTest" time="35.990" errors="0" timestamp="2026-03-06T14:38:46 EET" skipped="0">
  <testcase classname="com.qacart.todo.testCases.ToDoTest" name="shouldBeAbleToAddToDo" time="6.805"/>
  <testcase classname="com.qacart.todo.testCases.ToDoTest" name="shouldBeAbleToDeleteToDo" time="7.412"/>
  <testcase classname="com.qacart.todo.testCases.ToDoTest" name="shouldNotBeAbleToAddToDo" time="6.882"/>
  <testcase classname="com.qacart.todo.testCases.ToDoTest" name="shouldBeAbleToUpdateToDo" time="7.450"/>
  <testcase classname="com.qacart.todo.testCases.ToDoTest" name="shouldBeAbleToGetToDo" time="7.441"/>
</testsuite> <!-- com.qacart.todo.testCases.ToDoTest -->
